<?xml version="1.0" encoding="UTF-8"?>
<testsuite xmlns:xsi="http://www.w3.org/2001/XMLSchema-instance" xsi:noNamespaceSchemaLocation="https://maven.apache.org/surefire/maven-surefire-plugin/xsd/surefire-test-report-3.0.xsd" version="3.0" name="itson.sistemarestaurantepersistencia.implementaciones.ComandasDAOTest" time="1.322" tests="1" errors="0" skipped="0" failures="0">
  <properties>
[...]
</properties>
  <testcase name="testConsultarComandas" classname="itson.sistemarestaurantepersistencia.implementaciones.ComandasDAOTest" time="0.147">
    <system-out><![CDATA[[EL Info]: 2025-04-09 07:37:52.905--ServerSession(1830745997)--EclipseLink, version: Eclipse Persistence Services - 2.7.12.v20230209-e5c4074ef3
[]
]]></system-out>
  </testcase>
</testsuite>