<?xml version="1.0" encoding="UTF-8"?>
<testsuite xmlns:xsi="http://www.w3.org/2001/XMLSchema-instance" xsi:noNamespaceSchemaLocation="https://maven.apache.org/surefire/maven-surefire-plugin/xsd/surefire-test-report-3.0.xsd" version="3.0" name="itson.sistemarestaurantepersistencia.implementaciones.ProductosDAOTest" time="0.637" tests="9" errors="0" skipped="0" failures="0">
  <properties>
[...]
</properties>
  <testcase name="testRegistrarProductoConMismoNombreTipo" classname="itson.sistemarestaurantepersistencia.implementaciones.ProductosDAOTest" time="0.041"/>
  <testcase name="testConsultarProductos" classname="itson.sistemarestaurantepersistencia.implementaciones.ProductosDAOTest" time="0.033"/>
  <testcase name="testRegistrarProductoSinDireccionImagenGeneraExcepcion" classname="itson.sistemarestaurantepersistencia.implementaciones.ProductosDAOTest" time="0.374">
    <system-out><![CDATA[[EL Warning]: 2025-04-08 07:51:26.306--UnitOfWork(26059997)--Exception [EclipseLink-4002] (Eclipse Persistence Services - 2.7.12.v20230209-e5c4074ef3): org.eclipse.persistence.exceptions.DatabaseException
Internal Exception: java.sql.SQLIntegrityConstraintViolationException: Column 'direccion_imagen' cannot be null
Error Code: 1048
Call: INSERT INTO productos (direccion_imagen, habilitado, nombre, precio, tipo) VALUES (?, ?, ?, ?, ?)
	bind => [5 parameters bound]
Query: InsertObjectQuery(Producto{id=null, nombre=Sopa, precio=15.0, tipo=PLATILLO, habilitado=true, direccionImagen=null, ingredientes=[]})
]]></system-out>
  </testcase>
  <testcase name="testBuscarProductoPorNombreOCategoria_NoResult" classname="itson.sistemarestaurantepersistencia.implementaciones.ProductosDAOTest" time="0.03"/>
  <testcase name="testRegistrarProductoOk" classname="itson.sistemarestaurantepersistencia.implementaciones.ProductosDAOTest" time="0.033"/>
  <testcase name="testRegistrarProductoSinNombreGeneraExcepcion" classname="itson.sistemarestaurantepersistencia.implementaciones.ProductosDAOTest" time="0.029">
    <system-out><![CDATA[[EL Warning]: 2025-04-08 07:51:26.408--UnitOfWork(780802740)--Exception [EclipseLink-4002] (Eclipse Persistence Services - 2.7.12.v20230209-e5c4074ef3): org.eclipse.persistence.exceptions.DatabaseException
Internal Exception: java.sql.SQLIntegrityConstraintViolationException: Column 'nombre' cannot be null
Error Code: 1048
Call: INSERT INTO productos (direccion_imagen, habilitado, nombre, precio, tipo) VALUES (?, ?, ?, ?, ?)
	bind => [5 parameters bound]
Query: InsertObjectQuery(Producto{id=null, nombre=null, precio=15.0, tipo=PLATILLO, habilitado=true, direccionImagen=ejemploDireccionImagen, ingredientes=[]})
]]></system-out>
  </testcase>
  <testcase name="testRegistrarProductoSinPrecioGeneraExcepcion" classname="itson.sistemarestaurantepersistencia.implementaciones.ProductosDAOTest" time="0.029">
    <system-out><![CDATA[[EL Warning]: 2025-04-08 07:51:26.438--UnitOfWork(73878928)--Exception [EclipseLink-4002] (Eclipse Persistence Services - 2.7.12.v20230209-e5c4074ef3): org.eclipse.persistence.exceptions.DatabaseException
Internal Exception: java.sql.SQLIntegrityConstraintViolationException: Column 'precio' cannot be null
Error Code: 1048
Call: INSERT INTO productos (direccion_imagen, habilitado, nombre, precio, tipo) VALUES (?, ?, ?, ?, ?)
	bind => [5 parameters bound]
Query: InsertObjectQuery(Producto{id=null, nombre=Sopa, precio=null, tipo=PLATILLO, habilitado=true, direccionImagen=ejemploDireccionImagen, ingredientes=[]})
]]></system-out>
  </testcase>
  <testcase name="testRegistrarProductoSinTipoGeneraExcepcion" classname="itson.sistemarestaurantepersistencia.implementaciones.ProductosDAOTest" time="0.023">
    <system-out><![CDATA[[EL Warning]: 2025-04-08 07:51:26.464--UnitOfWork(1857126088)--Exception [EclipseLink-4002] (Eclipse Persistence Services - 2.7.12.v20230209-e5c4074ef3): org.eclipse.persistence.exceptions.DatabaseException
Internal Exception: java.sql.SQLIntegrityConstraintViolationException: Column 'tipo' cannot be null
Error Code: 1048
Call: INSERT INTO productos (direccion_imagen, habilitado, nombre, precio, tipo) VALUES (?, ?, ?, ?, ?)
	bind => [5 parameters bound]
Query: InsertObjectQuery(Producto{id=null, nombre=Sopa, precio=15.0, tipo=null, habilitado=true, direccionImagen=ejemploDireccionImagen, ingredientes=[]})
]]></system-out>
  </testcase>
  <testcase name="testBuscarProductoPorNombreOCategoria" classname="itson.sistemarestaurantepersistencia.implementaciones.ProductosDAOTest" time="0.039"/>
</testsuite>