<?xml version="1.0" encoding="UTF-8"?>
<testsuite xmlns:xsi="http://www.w3.org/2001/XMLSchema-instance" xsi:noNamespaceSchemaLocation="https://maven.apache.org/surefire/maven-surefire-plugin/xsd/surefire-test-report-3.0.xsd" version="3.0" name="itson.sistemarestaurantepersistencia.implementaciones.IngredientesDAOTest" time="0.837" tests="7" errors="0" skipped="0" failures="0">
  <properties>
[...]
</properties>
  <testcase name="testRegistrarIngredientesSinUnidadGeneraExcepcion" classname="itson.sistemarestaurantepersistencia.implementaciones.IngredientesDAOTest" time="0.462">
    <system-out><![CDATA[[EL Warning]: 2025-04-01 01:18:25.553--UnitOfWork(287859212)--Exception [EclipseLink-4002] (Eclipse Persistence Services - 2.7.12.v20230209-e5c4074ef3): org.eclipse.persistence.exceptions.DatabaseException
Internal Exception: java.sql.SQLIntegrityConstraintViolationException: Column 'unidad' cannot be null
Error Code: 1048
Call: INSERT INTO ingredientes (cantidad, direccion_imagen, nombre, unidad) VALUES (?, ?, ?, ?)
	bind => [4 parameters bound]
Query: InsertObjectQuery(edu.student.itson.dissof.sistemarestaurantedominio.dtos.Ingrediente[ id=null ])
]]></system-out>
  </testcase>
  <testcase name="testRegistrarIngredienteOk" classname="itson.sistemarestaurantepersistencia.implementaciones.IngredientesDAOTest" time="0.063"/>
  <testcase name="testRegistrarIngredienteConMismoNombreUnidad" classname="itson.sistemarestaurantepersistencia.implementaciones.IngredientesDAOTest" time="0.064"/>
  <testcase name="testRegistrarIngredientesSinNombreGeneraExcepcion" classname="itson.sistemarestaurantepersistencia.implementaciones.IngredientesDAOTest" time="0.068">
    <system-out><![CDATA[[EL Warning]: 2025-04-01 01:18:25.761--UnitOfWork(477463877)--Exception [EclipseLink-4002] (Eclipse Persistence Services - 2.7.12.v20230209-e5c4074ef3): org.eclipse.persistence.exceptions.DatabaseException
Internal Exception: java.sql.SQLIntegrityConstraintViolationException: Column 'nombre' cannot be null
Error Code: 1048
Call: INSERT INTO ingredientes (cantidad, direccion_imagen, nombre, unidad) VALUES (?, ?, ?, ?)
	bind => [4 parameters bound]
Query: InsertObjectQuery(edu.student.itson.dissof.sistemarestaurantedominio.dtos.Ingrediente[ id=null ])
]]></system-out>
  </testcase>
  <testcase name="testRegistrarIngredientesSinCantidadGeneraExcepcion" classname="itson.sistemarestaurantepersistencia.implementaciones.IngredientesDAOTest" time="0.059">
    <system-out><![CDATA[[EL Warning]: 2025-04-01 01:18:25.828--UnitOfWork(914171926)--Exception [EclipseLink-4002] (Eclipse Persistence Services - 2.7.12.v20230209-e5c4074ef3): org.eclipse.persistence.exceptions.DatabaseException
Internal Exception: java.sql.SQLIntegrityConstraintViolationException: Column 'cantidad' cannot be null
Error Code: 1048
Call: INSERT INTO ingredientes (cantidad, direccion_imagen, nombre, unidad) VALUES (?, ?, ?, ?)
	bind => [4 parameters bound]
Query: InsertObjectQuery(edu.student.itson.dissof.sistemarestaurantedominio.dtos.Ingrediente[ id=null ])
]]></system-out>
  </testcase>
  <testcase name="testRegistrarIngredientesSinDireccionImagenGeneraExcepcion" classname="itson.sistemarestaurantepersistencia.implementaciones.IngredientesDAOTest" time="0.05">
    <system-out><![CDATA[[EL Warning]: 2025-04-01 01:18:25.88--UnitOfWork(238169801)--Exception [EclipseLink-4002] (Eclipse Persistence Services - 2.7.12.v20230209-e5c4074ef3): org.eclipse.persistence.exceptions.DatabaseException
Internal Exception: java.sql.SQLIntegrityConstraintViolationException: Column 'direccion_imagen' cannot be null
Error Code: 1048
Call: INSERT INTO ingredientes (cantidad, direccion_imagen, nombre, unidad) VALUES (?, ?, ?, ?)
	bind => [4 parameters bound]
Query: InsertObjectQuery(edu.student.itson.dissof.sistemarestaurantedominio.dtos.Ingrediente[ id=null ])
]]></system-out>
  </testcase>
  <testcase name="testConsultarIngredientes" classname="itson.sistemarestaurantepersistencia.implementaciones.IngredientesDAOTest" time="0.066"/>
</testsuite>